[17:51:59.136][INFO][CraftTweaker-EarlyInit]: CraftTweaker is running on a Minecraft 1.20.1 production server modded with platform Forge
[17:51:59.188][INFO][CraftTweaker-EarlyInit]: Successfully injected RecipeFS file system
[17:51:59.278][INFO][CraftTweaker-Plugins]: Successfully identified and loaded plugin crafttweaker:builtin
[17:51:59.280][INFO][CraftTweaker-Plugins]: Successfully identified and loaded plugin crafttweaker:builtin_forge
[17:51:59.282][INFO][CraftTweaker-Plugins]: Successfully identified and loaded plugin farmersdelight:crafttweaker_plugin
[17:51:59.287][INFO][CraftTweaker-Plugins]: Successfully identified and loaded plugin refurbished_furniture:plugin
[17:52:01.391][INFO][CraftTweaker]: The following mods have explicit CraftTweaker support through the default plugin:
[17:52:01.396][INFO][CraftTweaker]: - 'crafttweaker' at version '14.0.57'
[17:52:01.396][INFO][CraftTweaker]: - 'farmersdelight' at version '1.20.1-1.2.8'
[17:52:01.396][INFO][CraftTweaker]: - 'refurbished_furniture' at version '1.0.14'
[17:52:01.396][INFO][CraftTweaker]: - 'sushigocrafting' at version '0.5.3'
[17:52:17.884][INFO][CraftTweaker-ZenCode]: Started loading scripts for loader 'initialize'
[17:52:19.270][INFO][CraftTweaker-ZenCode]: Compiling and executing scripts
[17:52:19.391][INFO][CraftTweaker-ZenCode]: Successfully initialized modules [crafttweaker, expansions]
[17:52:19.693][INFO][CraftTweaker-ZenCode]: Execution for loader 'initialize' completed successfully
[17:52:44.223][INFO][CraftTweaker-ZenCode]: Started loading scripts for loader 'tags'
[17:52:44.286][INFO][CraftTweaker-ZenCode]: Compiling and executing scripts
[17:52:44.328][INFO][CraftTweaker-ZenCode]: Successfully initialized modules [crafttweaker, expansions]
[17:52:44.357][INFO][CraftTweaker-ZenCode]: Execution for loader 'tags' completed successfully
[17:52:45.663][INFO][CraftTweaker]: crafttweaker.reload.start
[17:52:45.677][INFO][CraftTweaker-ZenCode]: Started loading scripts for loader 'crafttweaker'
[17:52:45.746][INFO][CraftTweaker-ZenCode]: Compiling and executing scripts
[17:52:46.576][INFO][CraftTweaker-ZenCode]: Successfully initialized modules [mods, crafttweaker, expansions]
[17:52:46.604][INFO][CraftTweaker-ZenCode]: Execution for loader 'crafttweaker' completed successfully
[17:52:46.610][INFO][CraftTweaker]: crafttweaker.reload.complete
[17:52:46.612][INFO][CraftTweaker]: This reload was made possible by Hooley and more! Become a patron at https://patreon.com/jaredlll08?s=crtmod
